2015-01-08 16:11:01,319  WARN [ModalContext] - ScalaProject - Project Breeding Game has platform default sourceLevel.
2015-01-08 16:11:01,320  WARN [ModalContext] - ScalaProject - Project Breeding Game runs on platform default installation.
2015-01-08 16:11:02,110  WARN [Worker-10] - ScalaProject - Project Breeding Game has platform default sourceLevel.
2015-01-08 16:11:02,111  WARN [Worker-10] - ScalaProject - Project Breeding Game runs on platform default installation.
2015-01-08 16:11:16,089  WARN [Worker-6] - ScalaProject - Project Breeding Game has platform default sourceLevel.
2015-01-08 16:11:16,089  WARN [Worker-6] - ScalaProject - Project Breeding Game runs on platform default installation.
2015-01-08 16:25:48,620  WARN [Worker-18] - ScalaProject - Project Breeding Game has platform default sourceLevel.
2015-01-08 16:25:48,620  WARN [Worker-18] - ScalaProject - Project Breeding Game runs on platform default installation.
2015-01-08 16:27:46,946  WARN [Worker-22] - ScalaProject - Project Breeding Game has platform default sourceLevel.
2015-01-08 16:27:46,946  WARN [Worker-22] - ScalaProject - Project Breeding Game runs on platform default installation.
2015-01-10 14:47:41,954  WARN [main] - ScalaProject - Project Breeding Game has platform default sourceLevel.
2015-01-10 14:47:41,955  WARN [main] - ScalaProject - Project Breeding Game runs on platform default installation.
2015-01-10 17:24:18,616  WARN [main] - ScalaProject - Project Breeding Game has platform default sourceLevel.
2015-01-10 17:24:18,618  WARN [main] - ScalaProject - Project Breeding Game runs on platform default installation.
2015-01-10 17:25:16,715  WARN [Worker-4] - ScalaProject - Project Breeding Game has platform default sourceLevel.
2015-01-10 17:25:16,715  WARN [Worker-4] - ScalaProject - Project Breeding Game runs on platform default installation.
2015-01-10 17:26:38,285  WARN [Worker-4] - ScalaProject - Project Breeding Game has platform default sourceLevel.
2015-01-10 17:26:38,286  WARN [Worker-4] - ScalaProject - Project Breeding Game runs on platform default installation.
2015-01-10 17:28:41,297  WARN [Worker-5] - ScalaProject - Project Breeding Game has platform default sourceLevel.
2015-01-10 17:28:41,298  WARN [Worker-5] - ScalaProject - Project Breeding Game runs on platform default installation.
2015-01-10 17:30:14,080  WARN [Worker-5] - ScalaProject - Project Breeding Game has platform default sourceLevel.
2015-01-10 17:30:14,080  WARN [Worker-5] - ScalaProject - Project Breeding Game runs on platform default installation.
2015-01-10 17:30:30,934  WARN [Worker-13] - ScalaProject - Project Breeding Game has platform default sourceLevel.
2015-01-10 17:30:30,936  WARN [Worker-13] - ScalaProject - Project Breeding Game runs on platform default installation.
2015-01-10 17:30:57,537  WARN [Worker-11] - ScalaProject - Project Breeding Game has platform default sourceLevel.
2015-01-10 17:30:57,538  WARN [Worker-11] - ScalaProject - Project Breeding Game runs on platform default installation.
2015-01-10 17:31:17,290  WARN [Worker-17] - ScalaProject - Project Breeding Game has platform default sourceLevel.
2015-01-10 17:31:17,290  WARN [Worker-17] - ScalaProject - Project Breeding Game runs on platform default installation.
2015-01-10 17:31:20,227  WARN [Worker-13] - ScalaProject - Project Breeding Game has platform default sourceLevel.
2015-01-10 17:31:20,228  WARN [Worker-13] - ScalaProject - Project Breeding Game runs on platform default installation.
2015-01-10 17:31:48,693  WARN [Worker-13] - ScalaProject - Project Breeding Game has platform default sourceLevel.
2015-01-10 17:31:48,693  WARN [Worker-13] - ScalaProject - Project Breeding Game runs on platform default installation.
2015-01-10 17:36:14,155  WARN [Worker-22] - ScalaProject - Project Breeding Game has platform default sourceLevel.
2015-01-10 17:36:14,156  WARN [Worker-22] - ScalaProject - Project Breeding Game runs on platform default installation.
2015-01-10 17:36:43,422  WARN [Worker-8] - ScalaProject - Project Breeding Game has platform default sourceLevel.
2015-01-10 17:36:43,422  WARN [Worker-8] - ScalaProject - Project Breeding Game runs on platform default installation.
2015-01-10 17:37:40,720 ERROR [Text Viewer Hover Presenter] - IScalaPresentationCompiler$ - Ignoring InterruptException
2015-01-10 17:37:40,740 ERROR [Text Viewer Hover Presenter] - IScalaPresentationCompiler$ - Ignoring InterruptException
2015-01-10 17:37:40,740 ERROR [Text Viewer Hover Presenter] - IScalaPresentationCompiler$ - Ignoring InterruptException
2015-01-10 17:37:40,741 ERROR [Text Viewer Hover Presenter] - IScalaPresentationCompiler$ - Ignoring InterruptException
2015-01-10 17:42:46,037  WARN [Worker-24] - ScalaProject - Project Breeding Game has platform default sourceLevel.
2015-01-10 17:42:46,038  WARN [Worker-24] - ScalaProject - Project Breeding Game runs on platform default installation.
2015-01-10 17:46:51,445 ERROR [Worker-32] - System.err - SLF4J: Failed to load class "org.slf4j.impl.StaticLoggerBinder".
2015-01-10 17:46:51,446 ERROR [Worker-32] - System.err - SLF4J: Defaulting to no-operation (NOP) logger implementation
2015-01-10 17:46:51,446 ERROR [Worker-32] - System.err - SLF4J: See http://www.slf4j.org/codes.html#StaticLoggerBinder for further details.
2015-01-10 17:47:41,951  WARN [Worker-29] - ScalaProject - Project Breeding Game has platform default sourceLevel.
2015-01-10 17:47:41,952  WARN [Worker-29] - ScalaProject - Project Breeding Game runs on platform default installation.
2015-01-10 17:47:42,857  WARN [org.scalaide.ui.internal.reconciliation.ScalaReconciler] - ImplicitHighlightingPresenter - Timeout while waiting for `askLoadedTyped` during semantic highlighting.
2015-01-10 17:47:42,858  WARN [org.scalaide.ui.internal.reconciliation.ScalaReconciler] - ImplicitHighlightingPresenter - Timeout while waiting for `askLoadedTyped` during semantic highlighting.
2015-01-10 17:47:42,858  WARN [org.scalaide.ui.internal.reconciliation.ScalaReconciler] - ImplicitHighlightingPresenter - Timeout while waiting for `askLoadedTyped` during semantic highlighting.
2015-01-10 17:47:42,861  WARN [org.scalaide.ui.internal.reconciliation.ScalaReconciler] - ImplicitHighlightingPresenter - Timeout while waiting for `askLoadedTyped` during semantic highlighting.
2015-01-10 17:47:49,011  WARN [Worker-35] - ScalaProject - Project Breeding Game has platform default sourceLevel.
2015-01-10 17:47:49,011  WARN [Worker-35] - ScalaProject - Project Breeding Game runs on platform default installation.
2015-01-10 17:47:49,792  WARN [org.scalaide.ui.internal.reconciliation.ScalaReconciler] - ImplicitHighlightingPresenter - Timeout while waiting for `askLoadedTyped` during semantic highlighting.
2015-01-10 17:47:49,794  WARN [org.scalaide.ui.internal.reconciliation.ScalaReconciler] - ImplicitHighlightingPresenter - Timeout while waiting for `askLoadedTyped` during semantic highlighting.
2015-01-10 17:47:49,795  WARN [org.scalaide.ui.internal.reconciliation.ScalaReconciler] - ImplicitHighlightingPresenter - Timeout while waiting for `askLoadedTyped` during semantic highlighting.
2015-01-10 17:47:49,796  WARN [org.scalaide.ui.internal.reconciliation.ScalaReconciler] - ImplicitHighlightingPresenter - Timeout while waiting for `askLoadedTyped` during semantic highlighting.
2015-01-10 17:49:25,873  WARN [Worker-31] - ScalaProject - Project Breeding Game has platform default sourceLevel.
2015-01-10 17:49:25,874  WARN [Worker-31] - ScalaProject - Project Breeding Game runs on platform default installation.
2015-01-10 17:49:31,394  WARN [Worker-32] - ScalaProject - Project Breeding Game has platform default sourceLevel.
2015-01-10 17:49:31,394  WARN [Worker-32] - ScalaProject - Project Breeding Game runs on platform default installation.
2015-01-10 17:49:32,320  WARN [org.scalaide.ui.internal.reconciliation.ScalaReconciler] - ImplicitHighlightingPresenter - Timeout while waiting for `askLoadedTyped` during semantic highlighting.
2015-01-10 17:51:26,733  WARN [Worker-25] - ScalaProject - Project Breeding Game has platform default sourceLevel.
2015-01-10 17:51:26,734  WARN [Worker-25] - ScalaProject - Project Breeding Game runs on platform default installation.
2015-01-10 18:00:14,402  WARN [Worker-44] - ScalaProject - Project Breeding Game has platform default sourceLevel.
2015-01-10 18:00:14,403  WARN [Worker-44] - ScalaProject - Project Breeding Game runs on platform default installation.
2015-01-10 18:01:14,553  WARN [main] - ScalaProject - Project Breeding Game has platform default sourceLevel.
2015-01-10 18:01:14,554  WARN [main] - ScalaProject - Project Breeding Game runs on platform default installation.
2015-01-10 18:06:29,809 ERROR [Worker-9] - System.err - SLF4J: Failed to load class "org.slf4j.impl.StaticLoggerBinder".
2015-01-10 18:06:29,809 ERROR [Worker-9] - System.err - SLF4J: Defaulting to no-operation (NOP) logger implementation
2015-01-10 18:06:29,809 ERROR [Worker-9] - System.err - SLF4J: See http://www.slf4j.org/codes.html#StaticLoggerBinder for further details.
2015-01-10 18:07:07,037  WARN [Worker-10] - ScalaProject - Project Breeding Game has platform default sourceLevel.
2015-01-10 18:07:07,037  WARN [Worker-10] - ScalaProject - Project Breeding Game runs on platform default installation.
2015-01-10 18:07:26,151  WARN [Worker-12] - ScalaProject - Project Breeding Game has platform default sourceLevel.
2015-01-10 18:07:26,152  WARN [Worker-12] - ScalaProject - Project Breeding Game runs on platform default installation.
2015-01-10 18:07:32,521  WARN [Worker-11] - ScalaProject - Project Breeding Game has platform default sourceLevel.
2015-01-10 18:07:32,521  WARN [Worker-11] - ScalaProject - Project Breeding Game runs on platform default installation.
2015-01-10 18:07:52,502  WARN [Worker-3] - ScalaProject - Project Breeding Game has platform default sourceLevel.
2015-01-10 18:07:52,502  WARN [Worker-3] - ScalaProject - Project Breeding Game runs on platform default installation.
2015-01-10 18:08:10,946  WARN [Worker-13] - ScalaProject - Project Breeding Game has platform default sourceLevel.
2015-01-10 18:08:10,946  WARN [Worker-13] - ScalaProject - Project Breeding Game runs on platform default installation.
2015-01-10 18:08:25,566  WARN [Worker-13] - ScalaProject - Project Breeding Game has platform default sourceLevel.
2015-01-10 18:08:25,566  WARN [Worker-13] - ScalaProject - Project Breeding Game runs on platform default installation.
2015-01-10 18:10:17,076  WARN [Worker-6] - ScalaProject - Project Breeding Game has platform default sourceLevel.
2015-01-10 18:10:17,077  WARN [Worker-6] - ScalaProject - Project Breeding Game runs on platform default installation.
2015-01-11 20:13:48,553  WARN [main] - ScalaProject - Project Breeding Game has platform default sourceLevel.
2015-01-11 20:13:48,556  WARN [main] - ScalaProject - Project Breeding Game runs on platform default installation.
2015-01-11 20:18:22,691 ERROR [Worker-0] - System.err - SLF4J: Failed to load class "org.slf4j.impl.StaticLoggerBinder".
2015-01-11 20:18:22,692 ERROR [Worker-0] - System.err - SLF4J: Defaulting to no-operation (NOP) logger implementation
2015-01-11 20:18:22,692 ERROR [Worker-0] - System.err - SLF4J: See http://www.slf4j.org/codes.html#StaticLoggerBinder for further details.
2015-01-12 15:00:34,694  WARN [main] - ScalaProject - Project Breeding Game has platform default sourceLevel.
2015-01-12 15:00:34,695  WARN [main] - ScalaProject - Project Breeding Game runs on platform default installation.
2015-01-12 16:10:35,545  WARN [main] - ScalaProject - Project Breeding Game has platform default sourceLevel.
2015-01-12 16:10:35,547  WARN [main] - ScalaProject - Project Breeding Game runs on platform default installation.
2015-01-12 16:13:14,893  WARN [Worker-3] - ScalaProject - Project Breeding Game has platform default sourceLevel.
2015-01-12 16:13:14,893  WARN [Worker-3] - ScalaProject - Project Breeding Game runs on platform default installation.
2015-01-12 16:13:20,148  WARN [Worker-3] - ScalaProject - Project Breeding Game has platform default sourceLevel.
2015-01-12 16:13:20,149  WARN [Worker-3] - ScalaProject - Project Breeding Game runs on platform default installation.
2015-01-12 16:31:21,699  WARN [Worker-9] - ScalaProject - Project Breeding Game has platform default sourceLevel.
2015-01-12 16:31:21,700  WARN [Worker-9] - ScalaProject - Project Breeding Game runs on platform default installation.
2015-01-12 16:31:24,550 ERROR [Worker-11] - System.err - SLF4J: Failed to load class "org.slf4j.impl.StaticLoggerBinder".
2015-01-12 16:31:24,550 ERROR [Worker-11] - System.err - SLF4J: Defaulting to no-operation (NOP) logger implementation
2015-01-12 16:31:24,550 ERROR [Worker-11] - System.err - SLF4J: See http://www.slf4j.org/codes.html#StaticLoggerBinder for further details.
2015-01-15 17:18:06,009  WARN [main] - ScalaProject - Project Breeding Game has platform default sourceLevel.
2015-01-15 17:18:06,051  WARN [main] - ScalaProject - Project Breeding Game runs on platform default installation.
2015-01-15 17:26:39,967  WARN [Worker-10] - ScalaProject - Project Breeding Game has platform default sourceLevel.
2015-01-15 17:26:39,967  WARN [Worker-10] - ScalaProject - Project Breeding Game runs on platform default installation.
2015-01-15 17:27:05,341  WARN [Worker-7] - ScalaProject - Project Breeding Game has platform default sourceLevel.
2015-01-15 17:27:05,341  WARN [Worker-7] - ScalaProject - Project Breeding Game runs on platform default installation.
2015-01-15 17:29:58,680  WARN [Worker-10] - ScalaProject - Project Breeding Game has platform default sourceLevel.
2015-01-15 17:29:58,681  WARN [Worker-10] - ScalaProject - Project Breeding Game runs on platform default installation.
2015-01-15 17:32:14,671  WARN [Worker-10] - ScalaProject - Project Breeding Game has platform default sourceLevel.
2015-01-15 17:32:14,672  WARN [Worker-10] - ScalaProject - Project Breeding Game runs on platform default installation.
2015-01-15 17:32:21,880  WARN [Worker-12] - ScalaProject - Project Breeding Game has platform default sourceLevel.
2015-01-15 17:32:21,880  WARN [Worker-12] - ScalaProject - Project Breeding Game runs on platform default installation.
2015-01-15 17:32:29,601 ERROR [Worker-12] - System.err - SLF4J: Failed to load class "org.slf4j.impl.StaticLoggerBinder".
2015-01-15 17:32:29,601 ERROR [Worker-12] - System.err - SLF4J: Defaulting to no-operation (NOP) logger implementation
2015-01-15 17:32:29,601 ERROR [Worker-12] - System.err - SLF4J: See http://www.slf4j.org/codes.html#StaticLoggerBinder for further details.
2015-01-15 17:33:08,044  WARN [Worker-17] - ScalaProject - Project Breeding Game has platform default sourceLevel.
2015-01-15 17:33:08,044  WARN [Worker-17] - ScalaProject - Project Breeding Game runs on platform default installation.
2015-01-15 18:18:37,046  WARN [Worker-29] - ScalaProject - Project Breeding Game has platform default sourceLevel.
2015-01-15 18:18:37,046  WARN [Worker-29] - ScalaProject - Project Breeding Game runs on platform default installation.
2015-01-15 18:18:40,578  WARN [Worker-28] - ScalaProject - Project Breeding Game has platform default sourceLevel.
2015-01-15 18:18:40,578  WARN [Worker-28] - ScalaProject - Project Breeding Game runs on platform default installation.
2015-01-15 18:19:11,665  WARN [Worker-23] - ScalaProject - Project Breeding Game has platform default sourceLevel.
2015-01-15 18:19:11,665  WARN [Worker-23] - ScalaProject - Project Breeding Game runs on platform default installation.
2015-01-15 21:22:51,235  WARN [Worker-44] - ScalaProject - Project Breeding Game has platform default sourceLevel.
2015-01-15 21:22:51,235  WARN [Worker-44] - ScalaProject - Project Breeding Game runs on platform default installation.
2015-01-16 12:38:58,031  WARN [main] - ScalaProject - Project Breeding Game has platform default sourceLevel.
2015-01-16 12:38:58,033  WARN [main] - ScalaProject - Project Breeding Game runs on platform default installation.
2015-01-17 14:02:56,024  WARN [main] - ScalaProject - Project Breeding Game has platform default sourceLevel.
2015-01-17 14:02:56,025  WARN [main] - ScalaProject - Project Breeding Game runs on platform default installation.
2015-01-17 14:04:15,116  WARN [Worker-0] - ScalaProject - Project Breeding Game has platform default sourceLevel.
2015-01-17 14:04:15,116  WARN [Worker-0] - ScalaProject - Project Breeding Game runs on platform default installation.
2015-01-17 14:04:56,083  WARN [Worker-7] - ScalaProject - Project Breeding Game has platform default sourceLevel.
2015-01-17 14:04:56,085  WARN [Worker-7] - ScalaProject - Project Breeding Game runs on platform default installation.
2015-01-17 14:05:57,689  WARN [Worker-4] - ScalaProject - Project Breeding Game has platform default sourceLevel.
2015-01-17 14:05:57,689  WARN [Worker-4] - ScalaProject - Project Breeding Game runs on platform default installation.
2015-01-17 14:06:10,455  WARN [Worker-5] - ScalaProject - Project Breeding Game has platform default sourceLevel.
2015-01-17 14:06:10,456  WARN [Worker-5] - ScalaProject - Project Breeding Game runs on platform default installation.
2015-01-17 14:06:37,687 ERROR [Text Viewer Hover Presenter] - IScalaPresentationCompiler$ - Ignoring InterruptException
2015-01-17 14:06:37,688 ERROR [Text Viewer Hover Presenter] - IScalaPresentationCompiler$ - Ignoring InterruptException
2015-01-17 14:06:39,267  WARN [Worker-8] - ScalaProject - Project Breeding Game has platform default sourceLevel.
2015-01-17 14:06:39,267  WARN [Worker-8] - ScalaProject - Project Breeding Game runs on platform default installation.
2015-01-17 14:06:53,049  WARN [Worker-4] - ScalaProject - Project Breeding Game has platform default sourceLevel.
2015-01-17 14:06:53,050  WARN [Worker-4] - ScalaProject - Project Breeding Game runs on platform default installation.
2015-01-17 14:07:38,948  WARN [Worker-2] - ScalaProject - Project Breeding Game has platform default sourceLevel.
2015-01-17 14:07:38,948  WARN [Worker-2] - ScalaProject - Project Breeding Game runs on platform default installation.
2015-01-17 14:09:46,895  WARN [Worker-3] - ScalaProject - Project Breeding Game has platform default sourceLevel.
2015-01-17 14:09:46,895  WARN [Worker-3] - ScalaProject - Project Breeding Game runs on platform default installation.
2015-01-17 14:11:24,356  WARN [Worker-6] - ScalaProject - Project Breeding Game has platform default sourceLevel.
2015-01-17 14:11:24,356  WARN [Worker-6] - ScalaProject - Project Breeding Game runs on platform default installation.
2015-01-17 14:15:28,723  WARN [Worker-15] - ScalaProject - Project Breeding Game has platform default sourceLevel.
2015-01-17 14:15:28,723  WARN [Worker-15] - ScalaProject - Project Breeding Game runs on platform default installation.
2015-01-17 14:15:38,634  WARN [Worker-21] - ScalaProject - Project Breeding Game has platform default sourceLevel.
2015-01-17 14:15:38,634  WARN [Worker-21] - ScalaProject - Project Breeding Game runs on platform default installation.
2015-01-17 14:16:50,184  WARN [Worker-23] - ScalaProject - Project Breeding Game has platform default sourceLevel.
2015-01-17 14:16:50,184  WARN [Worker-23] - ScalaProject - Project Breeding Game runs on platform default installation.
2015-01-17 14:17:20,426  WARN [Worker-26] - ScalaProject - Project Breeding Game has platform default sourceLevel.
2015-01-17 14:17:20,426  WARN [Worker-26] - ScalaProject - Project Breeding Game runs on platform default installation.
2015-01-17 14:18:17,652  WARN [Worker-26] - ScalaProject - Project Breeding Game has platform default sourceLevel.
2015-01-17 14:18:17,652  WARN [Worker-26] - ScalaProject - Project Breeding Game runs on platform default installation.
2015-01-17 14:18:36,021  WARN [Worker-20] - ScalaProject - Project Breeding Game has platform default sourceLevel.
2015-01-17 14:18:36,021  WARN [Worker-20] - ScalaProject - Project Breeding Game runs on platform default installation.
2015-01-17 14:19:12,576  WARN [Worker-22] - ScalaProject - Project Breeding Game has platform default sourceLevel.
2015-01-17 14:19:12,576  WARN [Worker-22] - ScalaProject - Project Breeding Game runs on platform default installation.
2015-01-17 14:19:22,581  WARN [Worker-29] - ScalaProject - Project Breeding Game has platform default sourceLevel.
2015-01-17 14:19:22,581  WARN [Worker-29] - ScalaProject - Project Breeding Game runs on platform default installation.
2015-01-17 14:19:26,347  WARN [Worker-26] - ScalaProject - Project Breeding Game has platform default sourceLevel.
2015-01-17 14:19:26,347  WARN [Worker-26] - ScalaProject - Project Breeding Game runs on platform default installation.
2015-01-17 14:20:06,373  WARN [Worker-20] - ScalaProject - Project Breeding Game has platform default sourceLevel.
2015-01-17 14:20:06,373  WARN [Worker-20] - ScalaProject - Project Breeding Game runs on platform default installation.
2015-01-17 14:20:20,468  WARN [Worker-17] - ScalaProject - Project Breeding Game has platform default sourceLevel.
2015-01-17 14:20:20,468  WARN [Worker-17] - ScalaProject - Project Breeding Game runs on platform default installation.
2015-01-17 14:21:00,353  WARN [Worker-30] - ScalaProject - Project Breeding Game has platform default sourceLevel.
2015-01-17 14:21:00,353  WARN [Worker-30] - ScalaProject - Project Breeding Game runs on platform default installation.
2015-01-17 14:22:02,550  WARN [Worker-29] - ScalaProject - Project Breeding Game has platform default sourceLevel.
2015-01-17 14:22:02,550  WARN [Worker-29] - ScalaProject - Project Breeding Game runs on platform default installation.
2015-01-17 14:22:10,741  WARN [Worker-29] - ScalaProject - Project Breeding Game has platform default sourceLevel.
2015-01-17 14:22:10,741  WARN [Worker-29] - ScalaProject - Project Breeding Game runs on platform default installation.
2015-01-17 14:22:13,300 ERROR [Worker-15] - System.err - SLF4J: Failed to load class "org.slf4j.impl.StaticLoggerBinder".
2015-01-17 14:22:13,300 ERROR [Worker-15] - System.err - SLF4J: Defaulting to no-operation (NOP) logger implementation
2015-01-17 14:22:13,300 ERROR [Worker-15] - System.err - SLF4J: See http://www.slf4j.org/codes.html#StaticLoggerBinder for further details.
2015-01-17 14:41:48,670  WARN [Worker-35] - ScalaProject - Project Breeding Game has platform default sourceLevel.
2015-01-17 14:41:48,670  WARN [Worker-35] - ScalaProject - Project Breeding Game runs on platform default installation.
2015-01-17 14:46:32,665  WARN [Worker-41] - ScalaProject - Project Breeding Game has platform default sourceLevel.
2015-01-17 14:46:32,665  WARN [Worker-41] - ScalaProject - Project Breeding Game runs on platform default installation.
2015-01-17 14:47:20,313  WARN [Worker-44] - ScalaProject - Project Breeding Game has platform default sourceLevel.
2015-01-17 14:47:20,313  WARN [Worker-44] - ScalaProject - Project Breeding Game runs on platform default installation.
2015-01-17 17:56:15,843  WARN [Worker-53] - ScalaProject - Project Breeding Game has platform default sourceLevel.
2015-01-17 17:56:15,844  WARN [Worker-53] - ScalaProject - Project Breeding Game runs on platform default installation.
2015-01-17 17:56:49,241  WARN [Worker-41] - ScalaProject - Project Breeding Game has platform default sourceLevel.
2015-01-17 17:56:49,241  WARN [Worker-41] - ScalaProject - Project Breeding Game runs on platform default installation.
2015-01-17 17:57:00,522  WARN [Worker-53] - ScalaProject - Project Breeding Game has platform default sourceLevel.
2015-01-17 17:57:00,522  WARN [Worker-53] - ScalaProject - Project Breeding Game runs on platform default installation.
2015-01-17 17:57:04,198  WARN [Worker-56] - ScalaProject - Project Breeding Game has platform default sourceLevel.
2015-01-17 17:57:04,198  WARN [Worker-56] - ScalaProject - Project Breeding Game runs on platform default installation.
2015-01-17 17:57:41,221  WARN [Worker-59] - ScalaProject - Project Breeding Game has platform default sourceLevel.
2015-01-17 17:57:41,221  WARN [Worker-59] - ScalaProject - Project Breeding Game runs on platform default installation.
2015-01-17 18:46:11,676  WARN [main] - ScalaProject - Project Breeding Game has platform default sourceLevel.
2015-01-17 18:46:11,676  WARN [main] - ScalaProject - Project Breeding Game runs on platform default installation.
2015-01-17 18:49:07,047  WARN [Worker-1] - ScalaProject - Project Breeding Game has platform default sourceLevel.
2015-01-17 18:49:07,047  WARN [Worker-1] - ScalaProject - Project Breeding Game runs on platform default installation.
2015-01-17 18:49:50,773  WARN [Worker-12] - ScalaProject - Project Breeding Game has platform default sourceLevel.
2015-01-17 18:49:50,774  WARN [Worker-12] - ScalaProject - Project Breeding Game runs on platform default installation.
2015-01-17 18:50:05,713  WARN [Worker-11] - ScalaProject - Project Breeding Game has platform default sourceLevel.
2015-01-17 18:50:05,713  WARN [Worker-11] - ScalaProject - Project Breeding Game runs on platform default installation.
2015-01-17 18:50:51,561  WARN [Worker-12] - ScalaProject - Project Breeding Game has platform default sourceLevel.
2015-01-17 18:50:51,561  WARN [Worker-12] - ScalaProject - Project Breeding Game runs on platform default installation.
2015-01-17 18:50:54,615 ERROR [Worker-12] - System.err - SLF4J: Failed to load class "org.slf4j.impl.StaticLoggerBinder".
2015-01-17 18:50:54,616 ERROR [Worker-12] - System.err - SLF4J: Defaulting to no-operation (NOP) logger implementation
2015-01-17 18:50:54,616 ERROR [Worker-12] - System.err - SLF4J: See http://www.slf4j.org/codes.html#StaticLoggerBinder for further details.
2015-01-17 18:51:52,510  WARN [Worker-13] - ScalaProject - Project Breeding Game has platform default sourceLevel.
2015-01-17 18:51:52,511  WARN [Worker-13] - ScalaProject - Project Breeding Game runs on platform default installation.
2015-01-17 19:09:49,145  WARN [Worker-20] - ScalaProject - Project Breeding Game has platform default sourceLevel.
2015-01-17 19:09:49,145  WARN [Worker-20] - ScalaProject - Project Breeding Game runs on platform default installation.
2015-01-17 19:10:10,207  WARN [Worker-18] - ScalaProject - Project Breeding Game has platform default sourceLevel.
2015-01-17 19:10:10,207  WARN [Worker-18] - ScalaProject - Project Breeding Game runs on platform default installation.
2015-01-17 19:10:15,999  WARN [Worker-22] - ScalaProject - Project Breeding Game has platform default sourceLevel.
2015-01-17 19:10:15,999  WARN [Worker-22] - ScalaProject - Project Breeding Game runs on platform default installation.
2015-01-17 19:11:31,587  WARN [Worker-21] - ScalaProject - Project Breeding Game has platform default sourceLevel.
2015-01-17 19:11:31,587  WARN [Worker-21] - ScalaProject - Project Breeding Game runs on platform default installation.
2015-01-17 19:11:33,478 ERROR [Text Viewer Hover Presenter] - IScalaPresentationCompiler$ - Ignoring InterruptException
2015-01-17 19:11:33,479 ERROR [Text Viewer Hover Presenter] - IScalaPresentationCompiler$ - Ignoring InterruptException
2015-01-17 19:11:37,320  WARN [Worker-18] - ScalaProject - Project Breeding Game has platform default sourceLevel.
2015-01-17 19:11:37,320  WARN [Worker-18] - ScalaProject - Project Breeding Game runs on platform default installation.
2015-01-17 19:12:07,964 ERROR [Text Viewer Hover Presenter] - IScalaPresentationCompiler$ - Ignoring InterruptException
2015-01-17 19:12:08,036 ERROR [Text Viewer Hover Presenter] - IScalaPresentationCompiler$ - Ignoring InterruptException
2015-01-17 19:12:08,036 ERROR [Text Viewer Hover Presenter] - IScalaPresentationCompiler$ - Ignoring InterruptException
2015-01-17 19:12:08,036 ERROR [Text Viewer Hover Presenter] - IScalaPresentationCompiler$ - Ignoring InterruptException
2015-01-17 19:12:19,528  WARN [Worker-18] - ScalaProject - Project Breeding Game has platform default sourceLevel.
2015-01-17 19:12:19,528  WARN [Worker-18] - ScalaProject - Project Breeding Game runs on platform default installation.
2015-01-17 19:12:45,385  WARN [Worker-17] - ScalaProject - Project Breeding Game has platform default sourceLevel.
2015-01-17 19:12:45,385  WARN [Worker-17] - ScalaProject - Project Breeding Game runs on platform default installation.
2015-01-17 19:13:01,950  WARN [Worker-18] - ScalaProject - Project Breeding Game has platform default sourceLevel.
2015-01-17 19:13:01,950  WARN [Worker-18] - ScalaProject - Project Breeding Game runs on platform default installation.
2015-01-17 19:13:45,905  WARN [Worker-17] - ScalaProject - Project Breeding Game has platform default sourceLevel.
2015-01-17 19:13:45,905  WARN [Worker-17] - ScalaProject - Project Breeding Game runs on platform default installation.
2015-01-17 19:13:51,958  WARN [Worker-25] - ScalaProject - Project Breeding Game has platform default sourceLevel.
2015-01-17 19:13:51,959  WARN [Worker-25] - ScalaProject - Project Breeding Game runs on platform default installation.
2015-01-17 19:14:04,148  WARN [Worker-25] - ScalaProject - Project Breeding Game has platform default sourceLevel.
2015-01-17 19:14:04,148  WARN [Worker-25] - ScalaProject - Project Breeding Game runs on platform default installation.
2015-01-17 19:14:16,317  WARN [Worker-20] - ScalaProject - Project Breeding Game has platform default sourceLevel.
2015-01-17 19:14:16,317  WARN [Worker-20] - ScalaProject - Project Breeding Game runs on platform default installation.
2015-01-17 19:14:44,474  WARN [Worker-18] - ScalaProject - Project Breeding Game has platform default sourceLevel.
2015-01-17 19:14:44,474  WARN [Worker-18] - ScalaProject - Project Breeding Game runs on platform default installation.
2015-01-17 19:15:43,494  WARN [Worker-20] - ScalaProject - Project Breeding Game has platform default sourceLevel.
2015-01-17 19:15:43,495  WARN [Worker-20] - ScalaProject - Project Breeding Game runs on platform default installation.
2015-01-17 19:15:47,988  WARN [Worker-26] - ScalaProject - Project Breeding Game has platform default sourceLevel.
2015-01-17 19:15:47,989  WARN [Worker-26] - ScalaProject - Project Breeding Game runs on platform default installation.
2015-01-17 19:16:09,613  WARN [Worker-18] - ScalaProject - Project Breeding Game has platform default sourceLevel.
2015-01-17 19:16:09,613  WARN [Worker-18] - ScalaProject - Project Breeding Game runs on platform default installation.
2015-01-17 19:16:37,586  WARN [Worker-27] - ScalaProject - Project Breeding Game has platform default sourceLevel.
2015-01-17 19:16:37,586  WARN [Worker-27] - ScalaProject - Project Breeding Game runs on platform default installation.
2015-01-17 19:16:42,264  WARN [Worker-26] - ScalaProject - Project Breeding Game has platform default sourceLevel.
2015-01-17 19:16:42,265  WARN [Worker-26] - ScalaProject - Project Breeding Game runs on platform default installation.
2015-01-17 19:19:43,004  WARN [main] - ScalaProject - Project Breeding Game has platform default sourceLevel.
2015-01-17 19:19:43,005  WARN [main] - ScalaProject - Project Breeding Game runs on platform default installation.
2015-01-17 19:19:56,473  WARN [Worker-2] - ScalaProject - Project Breeding Game has platform default sourceLevel.
2015-01-17 19:19:56,473  WARN [Worker-2] - ScalaProject - Project Breeding Game runs on platform default installation.
2015-01-17 19:20:02,421 ERROR [Worker-3] - System.err - SLF4J: Failed to load class "org.slf4j.impl.StaticLoggerBinder".
2015-01-17 19:20:02,421 ERROR [Worker-3] - System.err - SLF4J: Defaulting to no-operation (NOP) logger implementation
2015-01-17 19:20:02,421 ERROR [Worker-3] - System.err - SLF4J: See http://www.slf4j.org/codes.html#StaticLoggerBinder for further details.
2015-01-17 19:20:22,061  WARN [Worker-4] - ScalaProject - Project Breeding Game has platform default sourceLevel.
2015-01-17 19:20:22,062  WARN [Worker-4] - ScalaProject - Project Breeding Game runs on platform default installation.
2015-01-17 19:53:37,522  WARN [Worker-15] - ScalaProject - Project Breeding Game has platform default sourceLevel.
2015-01-17 19:53:37,522  WARN [Worker-15] - ScalaProject - Project Breeding Game runs on platform default installation.
2015-01-17 19:53:38,408  WARN [org.scalaide.ui.internal.reconciliation.ScalaReconciler] - ImplicitHighlightingPresenter - Timeout while waiting for `askLoadedTyped` during semantic highlighting.
2015-01-17 19:53:38,412  WARN [org.scalaide.ui.internal.reconciliation.ScalaReconciler] - ImplicitHighlightingPresenter - Timeout while waiting for `askLoadedTyped` during semantic highlighting.
2015-01-17 19:56:37,288 ERROR [Text Viewer Hover Presenter] - IScalaPresentationCompiler$ - Ignoring InterruptException
2015-01-17 19:56:37,289 ERROR [Text Viewer Hover Presenter] - IScalaPresentationCompiler$ - Ignoring InterruptException
2015-01-17 19:59:26,512  WARN [Worker-11] - ScalaProject - Project Breeding Game has platform default sourceLevel.
2015-01-17 19:59:26,512  WARN [Worker-11] - ScalaProject - Project Breeding Game runs on platform default installation.
2015-01-17 19:59:48,460  WARN [Worker-22] - ScalaProject - Project Breeding Game has platform default sourceLevel.
2015-01-17 19:59:48,461  WARN [Worker-22] - ScalaProject - Project Breeding Game runs on platform default installation.
2015-01-17 20:00:00,383  WARN [Worker-17] - ScalaProject - Project Breeding Game has platform default sourceLevel.
2015-01-17 20:00:00,383  WARN [Worker-17] - ScalaProject - Project Breeding Game runs on platform default installation.
2015-01-17 20:00:20,659  WARN [Worker-24] - ScalaProject - Project Breeding Game has platform default sourceLevel.
2015-01-17 20:00:20,659  WARN [Worker-24] - ScalaProject - Project Breeding Game runs on platform default installation.
2015-01-17 20:00:55,492  WARN [Worker-24] - ScalaProject - Project Breeding Game has platform default sourceLevel.
2015-01-17 20:00:55,492  WARN [Worker-24] - ScalaProject - Project Breeding Game runs on platform default installation.
2015-01-17 23:50:38,963  WARN [main] - ScalaProject - Project Breeding Game has platform default sourceLevel.
2015-01-17 23:50:38,964  WARN [main] - ScalaProject - Project Breeding Game runs on platform default installation.
2015-01-17 23:53:39,906  WARN [Worker-4] - ScalaProject - Project Breeding Game has platform default sourceLevel.
2015-01-17 23:53:39,906  WARN [Worker-4] - ScalaProject - Project Breeding Game runs on platform default installation.
2015-01-17 23:54:29,317  WARN [Worker-12] - ScalaProject - Project Breeding Game has platform default sourceLevel.
2015-01-17 23:54:29,318  WARN [Worker-12] - ScalaProject - Project Breeding Game runs on platform default installation.
2015-01-17 23:54:32,958 ERROR [Text Viewer Hover Presenter] - IScalaPresentationCompiler$ - Ignoring InterruptException
2015-01-17 23:54:32,959 ERROR [Text Viewer Hover Presenter] - IScalaPresentationCompiler$ - Ignoring InterruptException
2015-01-17 23:54:32,959 ERROR [Text Viewer Hover Presenter] - IScalaPresentationCompiler$ - Ignoring InterruptException
2015-01-17 23:54:42,405  WARN [Worker-13] - ScalaProject - Project Breeding Game has platform default sourceLevel.
2015-01-17 23:54:42,406  WARN [Worker-13] - ScalaProject - Project Breeding Game runs on platform default installation.
2015-01-17 23:54:50,889  WARN [Worker-11] - ScalaProject - Project Breeding Game has platform default sourceLevel.
2015-01-17 23:54:50,889  WARN [Worker-11] - ScalaProject - Project Breeding Game runs on platform default installation.
2015-01-18 00:10:26,262  WARN [Worker-21] - ScalaProject - Project Breeding Game has platform default sourceLevel.
2015-01-18 00:10:26,262  WARN [Worker-21] - ScalaProject - Project Breeding Game runs on platform default installation.
2015-01-18 00:11:05,298  WARN [Worker-24] - ScalaProject - Project Breeding Game has platform default sourceLevel.
2015-01-18 00:11:05,298  WARN [Worker-24] - ScalaProject - Project Breeding Game runs on platform default installation.
2015-01-18 00:30:18,879 ERROR [main] - org.scala-ide.sdt.core - org.scala-ide.sdt.core - org.scala-ide.sdt.core - 0 - Throwable during asyncExec
scala.reflect.internal.FatalError: ThisType(method setup) for sym which is not a class
	at scala.reflect.internal.Reporting$class.abort(Reporting.scala:59)
	at scala.reflect.internal.SymbolTable.abort(SymbolTable.scala:16)
	at scala.reflect.internal.Types$ThisType.<init>(Types.scala:1167)
	at scala.reflect.internal.Types$UniqueThisType.<init>(Types.scala:1187)
	at scala.reflect.internal.Types$ThisType$.apply(Types.scala:1191)
	at scala.tools.nsc.interactive.Global.scala$tools$nsc$interactive$Global$$findMirrorSymbol(Global.scala:862)
	at scala.tools.nsc.interactive.Global$$anonfun$getDocComment$2$$anonfun$apply$16$$anonfun$apply$18.apply(Global.scala:935)
	at scala.tools.nsc.interactive.Global$$anonfun$getDocComment$2$$anonfun$apply$16$$anonfun$apply$18.apply(Global.scala:934)
	at scala.collection.TraversableLike$WithFilter$$anonfun$foreach$1.apply(TraversableLike.scala:778)
	at scala.collection.immutable.List.foreach(List.scala:381)
	at scala.collection.TraversableLike$WithFilter.foreach(TraversableLike.scala:777)
	at scala.tools.nsc.interactive.Global$$anonfun$getDocComment$2$$anonfun$apply$16.apply(Global.scala:934)
	at scala.tools.nsc.interactive.Global$$anonfun$getDocComment$2$$anonfun$apply$16.apply(Global.scala:933)
	at scala.tools.nsc.interactive.Global.scala$tools$nsc$interactive$Global$$withTempUnits(Global.scala:846)
	at scala.tools.nsc.interactive.Global$$anonfun$getDocComment$2.apply(Global.scala:933)
	at scala.tools.nsc.interactive.Global$$anonfun$getDocComment$2.apply(Global.scala:933)
	at scala.tools.nsc.interactive.Global$$anonfun$respond$1.apply(Global.scala:688)
	at scala.tools.nsc.interactive.Global$$anonfun$respond$1.apply(Global.scala:688)
	at scala.tools.nsc.interactive.Global.respondGradually(Global.scala:695)
	at scala.tools.nsc.interactive.Global.respond(Global.scala:688)
	at scala.tools.nsc.interactive.Global.getDocComment(Global.scala:932)
	at scala.tools.nsc.interactive.CompilerControl$AskDocCommentItem.apply$mcV$sp(CompilerControl.scala:376)
	at scala.tools.nsc.interactive.Global$$anonfun$pollForWork$1.apply$mcV$sp(Global.scala:493)
	at scala.util.control.Breaks.breakable(Breaks.scala:38)
	at scala.tools.nsc.interactive.Global.pollForWork(Global.scala:418)
	at scala.tools.nsc.interactive.PresentationCompilerThread.run(PresentationCompilerThread.scala:22)
2015-01-18 00:30:21,653  WARN [Worker-29] - ScalaProject - Project Breeding Game has platform default sourceLevel.
2015-01-18 00:30:21,653  WARN [Worker-29] - ScalaProject - Project Breeding Game runs on platform default installation.
2015-01-18 00:36:01,263  WARN [Worker-30] - ScalaProject - Project Breeding Game has platform default sourceLevel.
2015-01-18 00:36:01,263  WARN [Worker-30] - ScalaProject - Project Breeding Game runs on platform default installation.
2015-01-18 00:40:35,807  WARN [Worker-35] - ScalaProject - Project Breeding Game has platform default sourceLevel.
2015-01-18 00:40:35,808  WARN [Worker-35] - ScalaProject - Project Breeding Game runs on platform default installation.
2015-01-18 00:51:28,601  WARN [Worker-50] - ScalaProject - Project Breeding Game has platform default sourceLevel.
2015-01-18 00:51:28,602  WARN [Worker-50] - ScalaProject - Project Breeding Game runs on platform default installation.
2015-01-18 00:52:55,175  WARN [Worker-52] - ScalaProject - Project Breeding Game has platform default sourceLevel.
2015-01-18 00:52:55,176  WARN [Worker-52] - ScalaProject - Project Breeding Game runs on platform default installation.
2015-01-18 00:53:21,995  WARN [Worker-52] - ScalaProject - Project Breeding Game has platform default sourceLevel.
2015-01-18 00:53:21,996  WARN [Worker-52] - ScalaProject - Project Breeding Game runs on platform default installation.
2015-01-18 00:54:24,877  WARN [Worker-51] - ScalaProject - Project Breeding Game has platform default sourceLevel.
2015-01-18 00:54:24,877  WARN [Worker-51] - ScalaProject - Project Breeding Game runs on platform default installation.
2015-01-18 01:03:49,158  WARN [Worker-58] - ScalaProject - Project Breeding Game has platform default sourceLevel.
2015-01-18 01:03:49,159  WARN [Worker-58] - ScalaProject - Project Breeding Game runs on platform default installation.
2015-01-18 01:04:46,617  WARN [Worker-60] - ScalaProject - Project Breeding Game has platform default sourceLevel.
2015-01-18 01:04:46,617  WARN [Worker-60] - ScalaProject - Project Breeding Game runs on platform default installation.
2015-01-18 01:05:01,617  WARN [Worker-61] - ScalaProject - Project Breeding Game has platform default sourceLevel.
2015-01-18 01:05:01,618  WARN [Worker-61] - ScalaProject - Project Breeding Game runs on platform default installation.
2015-01-18 01:05:28,214  WARN [Worker-61] - ScalaProject - Project Breeding Game has platform default sourceLevel.
2015-01-18 01:05:28,214  WARN [Worker-61] - ScalaProject - Project Breeding Game runs on platform default installation.
2015-01-18 01:08:49,446  WARN [Worker-68] - ScalaProject - Project Breeding Game has platform default sourceLevel.
2015-01-18 01:08:49,446  WARN [Worker-68] - ScalaProject - Project Breeding Game runs on platform default installation.
2015-01-18 01:08:55,082  WARN [Worker-62] - ScalaProject - Project Breeding Game has platform default sourceLevel.
2015-01-18 01:08:55,082  WARN [Worker-62] - ScalaProject - Project Breeding Game runs on platform default installation.
2015-01-18 01:10:25,360  WARN [Worker-65] - ScalaProject - Project Breeding Game has platform default sourceLevel.
2015-01-18 01:10:25,361  WARN [Worker-65] - ScalaProject - Project Breeding Game runs on platform default installation.
2015-01-18 01:10:29,234  WARN [Worker-68] - ScalaProject - Project Breeding Game has platform default sourceLevel.
2015-01-18 01:10:29,234  WARN [Worker-68] - ScalaProject - Project Breeding Game runs on platform default installation.
2015-01-18 01:10:33,302 ERROR [Worker-69] - System.err - SLF4J: Failed to load class "org.slf4j.impl.StaticLoggerBinder".
2015-01-18 01:10:33,302 ERROR [Worker-69] - System.err - SLF4J: Defaulting to no-operation (NOP) logger implementation
2015-01-18 01:10:33,302 ERROR [Worker-69] - System.err - SLF4J: See http://www.slf4j.org/codes.html#StaticLoggerBinder for further details.
2015-01-18 01:11:04,027  WARN [Worker-71] - ScalaProject - Project Breeding Game has platform default sourceLevel.
2015-01-18 01:11:04,028  WARN [Worker-71] - ScalaProject - Project Breeding Game runs on platform default installation.
2015-01-18 01:11:07,559  WARN [Worker-72] - ScalaProject - Project Breeding Game has platform default sourceLevel.
2015-01-18 01:11:07,559  WARN [Worker-72] - ScalaProject - Project Breeding Game runs on platform default installation.
2015-01-18 01:11:11,818  WARN [Worker-67] - ScalaProject - Project Breeding Game has platform default sourceLevel.
2015-01-18 01:11:11,819  WARN [Worker-67] - ScalaProject - Project Breeding Game runs on platform default installation.
2015-01-18 01:11:15,079  WARN [Worker-65] - ScalaProject - Project Breeding Game has platform default sourceLevel.
2015-01-18 01:11:15,080  WARN [Worker-65] - ScalaProject - Project Breeding Game runs on platform default installation.
2015-01-18 01:12:06,381  WARN [Worker-68] - ScalaProject - Project Breeding Game has platform default sourceLevel.
2015-01-18 01:12:06,381  WARN [Worker-68] - ScalaProject - Project Breeding Game runs on platform default installation.
2015-01-18 01:12:10,620  WARN [Worker-70] - ScalaProject - Project Breeding Game has platform default sourceLevel.
2015-01-18 01:12:10,621  WARN [Worker-70] - ScalaProject - Project Breeding Game runs on platform default installation.
2015-01-18 01:15:14,885  WARN [Worker-68] - ScalaProject - Project Breeding Game has platform default sourceLevel.
2015-01-18 01:15:14,886  WARN [Worker-68] - ScalaProject - Project Breeding Game runs on platform default installation.
2015-01-18 17:19:04,363  WARN [main] - ScalaProject - Project Breeding Game has platform default sourceLevel.
2015-01-18 17:19:04,369  WARN [main] - ScalaProject - Project Breeding Game runs on platform default installation.
2015-01-18 20:11:10,009  WARN [Worker-18] - ScalaProject - Project Breeding Game has platform default sourceLevel.
2015-01-18 20:11:10,009  WARN [Worker-18] - ScalaProject - Project Breeding Game runs on platform default installation.
2015-01-19 01:09:56,499  WARN [Worker-54] - ScalaProject - Project Breeding Game has platform default sourceLevel.
2015-01-19 01:09:56,499  WARN [Worker-54] - ScalaProject - Project Breeding Game runs on platform default installation.
2015-01-19 22:51:07,025  WARN [main] - ScalaProject - Project Breeding Game has platform default sourceLevel.
2015-01-19 22:51:07,067  WARN [main] - ScalaProject - Project Breeding Game runs on platform default installation.
2015-01-19 23:05:31,656  WARN [Worker-9] - ScalaProject - Project Breeding Game has platform default sourceLevel.
2015-01-19 23:05:31,656  WARN [Worker-9] - ScalaProject - Project Breeding Game runs on platform default installation.
2015-01-19 23:05:35,506  WARN [Worker-11] - ScalaProject - Project Breeding Game has platform default sourceLevel.
2015-01-19 23:05:35,507  WARN [Worker-11] - ScalaProject - Project Breeding Game runs on platform default installation.
2015-01-19 23:06:03,258  WARN [Worker-13] - ScalaProject - Project Breeding Game has platform default sourceLevel.
2015-01-19 23:06:03,258  WARN [Worker-13] - ScalaProject - Project Breeding Game runs on platform default installation.
2015-01-19 23:07:03,315  WARN [Worker-9] - ScalaProject - Project Breeding Game has platform default sourceLevel.
2015-01-19 23:07:03,316  WARN [Worker-9] - ScalaProject - Project Breeding Game runs on platform default installation.
2015-01-19 23:08:38,914  WARN [Worker-13] - ScalaProject - Project Breeding Game has platform default sourceLevel.
2015-01-19 23:08:38,915  WARN [Worker-13] - ScalaProject - Project Breeding Game runs on platform default installation.
2015-01-19 23:11:13,240  WARN [Worker-16] - ScalaProject - Project Breeding Game has platform default sourceLevel.
2015-01-19 23:11:13,241  WARN [Worker-16] - ScalaProject - Project Breeding Game runs on platform default installation.
2015-01-19 23:11:18,556  WARN [Worker-9] - ScalaProject - Project Breeding Game has platform default sourceLevel.
2015-01-19 23:11:18,556  WARN [Worker-9] - ScalaProject - Project Breeding Game runs on platform default installation.
2015-01-19 23:11:56,185  WARN [Worker-18] - ScalaProject - Project Breeding Game has platform default sourceLevel.
2015-01-19 23:11:56,185  WARN [Worker-18] - ScalaProject - Project Breeding Game runs on platform default installation.
2015-01-19 23:12:24,434  WARN [Worker-16] - ScalaProject - Project Breeding Game has platform default sourceLevel.
2015-01-19 23:12:24,434  WARN [Worker-16] - ScalaProject - Project Breeding Game runs on platform default installation.
2015-01-19 23:12:41,190  WARN [Worker-17] - ScalaProject - Project Breeding Game has platform default sourceLevel.
2015-01-19 23:12:41,190  WARN [Worker-17] - ScalaProject - Project Breeding Game runs on platform default installation.
2015-01-19 23:12:43,640 ERROR [Worker-4] - System.err - SLF4J: Failed to load class "org.slf4j.impl.StaticLoggerBinder".
2015-01-19 23:12:43,640 ERROR [Worker-4] - System.err - SLF4J: Defaulting to no-operation (NOP) logger implementation
2015-01-19 23:12:43,640 ERROR [Worker-4] - System.err - SLF4J: See http://www.slf4j.org/codes.html#StaticLoggerBinder for further details.
2015-01-19 23:13:18,324  WARN [Worker-16] - ScalaProject - Project Breeding Game has platform default sourceLevel.
2015-01-19 23:13:18,324  WARN [Worker-16] - ScalaProject - Project Breeding Game runs on platform default installation.
2015-01-19 23:13:26,758  WARN [Worker-20] - ScalaProject - Project Breeding Game has platform default sourceLevel.
2015-01-19 23:13:26,759  WARN [Worker-20] - ScalaProject - Project Breeding Game runs on platform default installation.
2015-01-19 23:14:02,006  WARN [Worker-23] - ScalaProject - Project Breeding Game has platform default sourceLevel.
2015-01-19 23:14:02,006  WARN [Worker-23] - ScalaProject - Project Breeding Game runs on platform default installation.
2015-01-19 23:14:39,674  WARN [Worker-21] - ScalaProject - Project Breeding Game has platform default sourceLevel.
2015-01-19 23:14:39,674  WARN [Worker-21] - ScalaProject - Project Breeding Game runs on platform default installation.
2015-01-19 23:21:14,691  WARN [Worker-30] - ScalaProject - Project Breeding Game has platform default sourceLevel.
2015-01-19 23:21:14,691  WARN [Worker-30] - ScalaProject - Project Breeding Game runs on platform default installation.
2015-01-19 23:21:19,414  WARN [Worker-27] - ScalaProject - Project Breeding Game has platform default sourceLevel.
2015-01-19 23:21:19,414  WARN [Worker-27] - ScalaProject - Project Breeding Game runs on platform default installation.
2015-01-19 23:23:19,570  WARN [Worker-27] - ScalaProject - Project Breeding Game has platform default sourceLevel.
2015-01-19 23:23:19,570  WARN [Worker-27] - ScalaProject - Project Breeding Game runs on platform default installation.
2015-01-20 00:00:16,896  WARN [Worker-43] - ScalaProject - Project Breeding Game has platform default sourceLevel.
2015-01-20 00:00:16,897  WARN [Worker-43] - ScalaProject - Project Breeding Game runs on platform default installation.
2015-01-20 11:37:47,036  WARN [main] - ScalaProject - Project Breeding Game has platform default sourceLevel.
2015-01-20 11:37:47,047  WARN [main] - ScalaProject - Project Breeding Game runs on platform default installation.
2015-01-20 11:53:19,295  WARN [Worker-9] - ScalaProject - Project Breeding Game has platform default sourceLevel.
2015-01-20 11:53:19,296  WARN [Worker-9] - ScalaProject - Project Breeding Game runs on platform default installation.
2015-01-20 12:03:02,187  WARN [Worker-12] - ScalaProject - Project Breeding Game has platform default sourceLevel.
2015-01-20 12:03:02,187  WARN [Worker-12] - ScalaProject - Project Breeding Game runs on platform default installation.
2015-01-20 12:05:28,876  WARN [Worker-19] - ScalaProject - Project Breeding Game has platform default sourceLevel.
2015-01-20 12:05:28,876  WARN [Worker-19] - ScalaProject - Project Breeding Game runs on platform default installation.
2015-01-20 12:07:08,161  WARN [Worker-23] - ScalaProject - Project Breeding Game has platform default sourceLevel.
2015-01-20 12:07:08,162  WARN [Worker-23] - ScalaProject - Project Breeding Game runs on platform default installation.
2015-01-20 12:07:31,303  WARN [Worker-23] - ScalaProject - Project Breeding Game has platform default sourceLevel.
2015-01-20 12:07:31,303  WARN [Worker-23] - ScalaProject - Project Breeding Game runs on platform default installation.
2015-01-20 12:07:47,254  WARN [Worker-26] - ScalaProject - Project Breeding Game has platform default sourceLevel.
2015-01-20 12:07:47,255  WARN [Worker-26] - ScalaProject - Project Breeding Game runs on platform default installation.
2015-01-20 12:07:53,450  WARN [Worker-25] - ScalaProject - Project Breeding Game has platform default sourceLevel.
2015-01-20 12:07:53,451  WARN [Worker-25] - ScalaProject - Project Breeding Game runs on platform default installation.
2015-01-20 12:07:56,911  WARN [Worker-25] - ScalaProject - Project Breeding Game has platform default sourceLevel.
2015-01-20 12:07:56,911  WARN [Worker-25] - ScalaProject - Project Breeding Game runs on platform default installation.
2015-01-20 12:08:05,672 ERROR [Text Viewer Hover Presenter] - IScalaPresentationCompiler$ - Ignoring InterruptException
2015-01-20 12:08:05,672 ERROR [Text Viewer Hover Presenter] - IScalaPresentationCompiler$ - Ignoring InterruptException
2015-01-20 12:08:05,672 ERROR [Text Viewer Hover Presenter] - IScalaPresentationCompiler$ - Ignoring InterruptException
2015-01-20 12:08:05,881 ERROR [Text Viewer Hover Presenter] - IScalaPresentationCompiler$ - Ignoring InterruptException
2015-01-20 12:08:05,887 ERROR [Text Viewer Hover Presenter] - IScalaPresentationCompiler$ - Ignoring InterruptException
2015-01-20 12:08:05,887 ERROR [Text Viewer Hover Presenter] - IScalaPresentationCompiler$ - Ignoring InterruptException
2015-01-20 12:08:05,887 ERROR [Text Viewer Hover Presenter] - IScalaPresentationCompiler$ - Ignoring InterruptException
2015-01-20 12:08:58,374  WARN [Worker-22] - ScalaProject - Project Breeding Game has platform default sourceLevel.
2015-01-20 12:08:58,374  WARN [Worker-22] - ScalaProject - Project Breeding Game runs on platform default installation.
2015-01-20 12:09:06,911  WARN [Worker-27] - ScalaProject - Project Breeding Game has platform default sourceLevel.
2015-01-20 12:09:06,911  WARN [Worker-27] - ScalaProject - Project Breeding Game runs on platform default installation.
2015-01-20 12:09:21,468  WARN [Worker-26] - ScalaProject - Project Breeding Game has platform default sourceLevel.
2015-01-20 12:09:21,468  WARN [Worker-26] - ScalaProject - Project Breeding Game runs on platform default installation.
2015-01-20 12:09:36,236  WARN [Worker-22] - ScalaProject - Project Breeding Game has platform default sourceLevel.
2015-01-20 12:09:36,236  WARN [Worker-22] - ScalaProject - Project Breeding Game runs on platform default installation.
2015-01-20 12:09:42,065  WARN [Worker-31] - ScalaProject - Project Breeding Game has platform default sourceLevel.
2015-01-20 12:09:42,065  WARN [Worker-31] - ScalaProject - Project Breeding Game runs on platform default installation.
2015-01-20 12:10:16,573  WARN [Worker-31] - ScalaProject - Project Breeding Game has platform default sourceLevel.
2015-01-20 12:10:16,573  WARN [Worker-31] - ScalaProject - Project Breeding Game runs on platform default installation.
2015-01-20 12:10:20,967 ERROR [Worker-29] - System.err - SLF4J: Failed to load class "org.slf4j.impl.StaticLoggerBinder".
2015-01-20 12:10:20,968 ERROR [Worker-29] - System.err - SLF4J: Defaulting to no-operation (NOP) logger implementation
2015-01-20 12:10:20,968 ERROR [Worker-29] - System.err - SLF4J: See http://www.slf4j.org/codes.html#StaticLoggerBinder for further details.
2015-01-20 12:10:47,409  WARN [Worker-26] - ScalaProject - Project Breeding Game has platform default sourceLevel.
2015-01-20 12:10:47,409  WARN [Worker-26] - ScalaProject - Project Breeding Game runs on platform default installation.
2015-01-20 12:11:07,719  WARN [Worker-23] - ScalaProject - Project Breeding Game has platform default sourceLevel.
2015-01-20 12:11:07,719  WARN [Worker-23] - ScalaProject - Project Breeding Game runs on platform default installation.
2015-01-20 12:11:56,024  WARN [Worker-30] - ScalaProject - Project Breeding Game has platform default sourceLevel.
2015-01-20 12:11:56,025  WARN [Worker-30] - ScalaProject - Project Breeding Game runs on platform default installation.
2015-01-20 12:12:15,171  WARN [Worker-23] - ScalaProject - Project Breeding Game has platform default sourceLevel.
2015-01-20 12:12:15,171  WARN [Worker-23] - ScalaProject - Project Breeding Game runs on platform default installation.
2015-01-20 12:13:05,639  WARN [Worker-32] - ScalaProject - Project Breeding Game has platform default sourceLevel.
2015-01-20 12:13:05,640  WARN [Worker-32] - ScalaProject - Project Breeding Game runs on platform default installation.
2015-01-20 12:13:08,646  WARN [Worker-23] - ScalaProject - Project Breeding Game has platform default sourceLevel.
2015-01-20 12:13:08,647  WARN [Worker-23] - ScalaProject - Project Breeding Game runs on platform default installation.
2015-01-20 12:13:28,403  WARN [Worker-30] - ScalaProject - Project Breeding Game has platform default sourceLevel.
2015-01-20 12:13:28,403  WARN [Worker-30] - ScalaProject - Project Breeding Game runs on platform default installation.
2015-01-20 15:34:52,281  WARN [Worker-62] - ScalaProject - Project Breeding Game has platform default sourceLevel.
2015-01-20 15:34:52,281  WARN [Worker-62] - ScalaProject - Project Breeding Game runs on platform default installation.
2015-01-23 10:54:04,696  WARN [main] - ScalaProject - Project Breeding Game has platform default sourceLevel.
2015-01-23 10:54:04,702  WARN [main] - ScalaProject - Project Breeding Game runs on platform default installation.
2015-01-23 10:54:12,589 ERROR [Worker-2] - System.err - SLF4J: Failed to load class "org.slf4j.impl.StaticLoggerBinder".
2015-01-23 10:54:12,589 ERROR [Worker-2] - System.err - SLF4J: Defaulting to no-operation (NOP) logger implementation
2015-01-23 10:54:12,589 ERROR [Worker-2] - System.err - SLF4J: See http://www.slf4j.org/codes.html#StaticLoggerBinder for further details.
2015-01-23 11:27:58,035  WARN [main] - ScalaProject - Project Breeding Game has platform default sourceLevel.
2015-01-23 11:27:58,036  WARN [main] - ScalaProject - Project Breeding Game runs on platform default installation.
2015-01-23 11:28:20,133  WARN [Worker-1] - ScalaProject - Project Breeding Game has platform default sourceLevel.
2015-01-23 11:28:20,134  WARN [Worker-1] - ScalaProject - Project Breeding Game runs on platform default installation.
2015-01-23 11:28:23,553  WARN [Worker-3] - ScalaProject - Project Breeding Game has platform default sourceLevel.
2015-01-23 11:28:23,554  WARN [Worker-3] - ScalaProject - Project Breeding Game runs on platform default installation.
2015-01-23 11:29:38,387  WARN [Worker-3] - ScalaProject - Project Breeding Game has platform default sourceLevel.
2015-01-23 11:29:38,387  WARN [Worker-3] - ScalaProject - Project Breeding Game runs on platform default installation.
2015-01-23 11:41:11,623  WARN [Worker-14] - ScalaProject - Project Breeding Game has platform default sourceLevel.
2015-01-23 11:41:11,624  WARN [Worker-14] - ScalaProject - Project Breeding Game runs on platform default installation.
2015-01-23 11:45:18,846  WARN [Worker-16] - ScalaProject - Project Breeding Game has platform default sourceLevel.
2015-01-23 11:45:18,847  WARN [Worker-16] - ScalaProject - Project Breeding Game runs on platform default installation.
2015-01-23 11:47:59,394  WARN [Worker-14] - ScalaProject - Project Breeding Game has platform default sourceLevel.
2015-01-23 11:47:59,395  WARN [Worker-14] - ScalaProject - Project Breeding Game runs on platform default installation.
2015-01-23 11:51:12,664  WARN [Worker-23] - ScalaProject - Project Breeding Game has platform default sourceLevel.
2015-01-23 11:51:12,664  WARN [Worker-23] - ScalaProject - Project Breeding Game runs on platform default installation.
2015-01-23 12:10:13,633  WARN [Worker-4] - ScalaProject - Project Breeding Game has platform default sourceLevel.
2015-01-23 12:10:13,643  WARN [Worker-4] - ScalaProject - Project Breeding Game runs on platform default installation.
2015-01-23 12:38:22,837  WARN [Worker-5] - ScalaProject - Project Breeding Game has platform default sourceLevel.
2015-01-23 12:38:22,838  WARN [Worker-5] - ScalaProject - Project Breeding Game runs on platform default installation.
2015-01-23 12:38:43,759  WARN [Worker-4] - ScalaProject - Project Breeding Game has platform default sourceLevel.
2015-01-23 12:38:43,760  WARN [Worker-4] - ScalaProject - Project Breeding Game runs on platform default installation.
2015-01-23 12:38:45,106 ERROR [Worker-4] - System.err - SLF4J: Failed to load class "org.slf4j.impl.StaticLoggerBinder".
2015-01-23 12:38:45,106 ERROR [Worker-4] - System.err - SLF4J: Defaulting to no-operation (NOP) logger implementation
2015-01-23 12:38:45,106 ERROR [Worker-4] - System.err - SLF4J: See http://www.slf4j.org/codes.html#StaticLoggerBinder for further details.
2015-01-23 13:16:52,151  WARN [main] - ScalaProject - Project Breeding Game has platform default sourceLevel.
2015-01-23 13:16:52,171  WARN [main] - ScalaProject - Project Breeding Game runs on platform default installation.
2015-01-23 13:21:02,584  WARN [Worker-8] - ScalaProject - Project Breeding Game has platform default sourceLevel.
2015-01-23 13:21:02,584  WARN [Worker-8] - ScalaProject - Project Breeding Game runs on platform default installation.
2015-01-23 13:23:49,057  WARN [Worker-12] - ScalaProject - Project Breeding Game has platform default sourceLevel.
2015-01-23 13:23:49,058  WARN [Worker-12] - ScalaProject - Project Breeding Game runs on platform default installation.
2015-01-23 13:24:03,751  WARN [Worker-14] - ScalaProject - Project Breeding Game has platform default sourceLevel.
2015-01-23 13:24:03,752  WARN [Worker-14] - ScalaProject - Project Breeding Game runs on platform default installation.
2015-01-23 13:24:33,181  WARN [Worker-14] - ScalaProject - Project Breeding Game has platform default sourceLevel.
2015-01-23 13:24:33,182  WARN [Worker-14] - ScalaProject - Project Breeding Game runs on platform default installation.
2015-01-23 13:26:35,287  WARN [Worker-18] - ScalaProject - Project Breeding Game has platform default sourceLevel.
2015-01-23 13:26:35,287  WARN [Worker-18] - ScalaProject - Project Breeding Game runs on platform default installation.
2015-01-23 13:27:30,450  WARN [Worker-19] - ScalaProject - Project Breeding Game has platform default sourceLevel.
2015-01-23 13:27:30,450  WARN [Worker-19] - ScalaProject - Project Breeding Game runs on platform default installation.
2015-01-23 13:28:14,858  WARN [Worker-19] - ScalaProject - Project Breeding Game has platform default sourceLevel.
2015-01-23 13:28:14,858  WARN [Worker-19] - ScalaProject - Project Breeding Game runs on platform default installation.
2015-01-23 13:28:36,949  WARN [Worker-19] - ScalaProject - Project Breeding Game has platform default sourceLevel.
2015-01-23 13:28:36,949  WARN [Worker-19] - ScalaProject - Project Breeding Game runs on platform default installation.
2015-01-26 12:36:27,991  WARN [main] - ScalaProject - Project Breeding Game has platform default sourceLevel.
2015-01-26 12:36:28,007  WARN [main] - ScalaProject - Project Breeding Game runs on platform default installation.
2015-01-26 12:37:03,076  WARN [Worker-5] - ScalaProject - Project Breeding Game has platform default sourceLevel.
2015-01-26 12:37:03,076  WARN [Worker-5] - ScalaProject - Project Breeding Game runs on platform default installation.
2015-01-26 12:38:32,458  WARN [Worker-8] - ScalaProject - Project Breeding Game has platform default sourceLevel.
2015-01-26 12:38:32,458  WARN [Worker-8] - ScalaProject - Project Breeding Game runs on platform default installation.
2015-01-26 12:38:47,191  WARN [Worker-10] - ScalaProject - Project Breeding Game has platform default sourceLevel.
2015-01-26 12:38:47,191  WARN [Worker-10] - ScalaProject - Project Breeding Game runs on platform default installation.
2015-01-26 12:39:21,988  WARN [Worker-10] - ScalaProject - Project Breeding Game has platform default sourceLevel.
2015-01-26 12:39:21,988  WARN [Worker-10] - ScalaProject - Project Breeding Game runs on platform default installation.
2015-01-26 12:40:24,041  WARN [Worker-11] - ScalaProject - Project Breeding Game has platform default sourceLevel.
2015-01-26 12:40:24,042  WARN [Worker-11] - ScalaProject - Project Breeding Game runs on platform default installation.
2015-01-26 12:40:49,386  WARN [Worker-11] - ScalaProject - Project Breeding Game has platform default sourceLevel.
2015-01-26 12:40:49,387  WARN [Worker-11] - ScalaProject - Project Breeding Game runs on platform default installation.
2015-01-26 12:41:07,364  WARN [Worker-10] - ScalaProject - Project Breeding Game has platform default sourceLevel.
2015-01-26 12:41:07,364  WARN [Worker-10] - ScalaProject - Project Breeding Game runs on platform default installation.
